<?xml version="1.0" encoding="UTF-8"?><testsuite errors="0" failures="0" name="com.bestbuy.testsuite.StoresCRUDTestWithSteps" skipped="0" tests="4" time="6.02" timestamp="2023-01-03T21:10:39.335Z[Europe/London]"><testcase classname="com.bestbuy.testsuite.StoresCRUDTestWithSteps" name="This will create a new store"/><testcase classname="com.bestbuy.testsuite.StoresCRUDTestWithSteps" name="This will verify that store was added"/><testcase classname="com.bestbuy.testsuite.StoresCRUDTestWithSteps" name="This test will Update the services information"/><testcase classname="com.bestbuy.testsuite.StoresCRUDTestWithSteps" name="This test will Delete the stores by ID"/></testsuite>