<?xml version="1.0" encoding="UTF-8"?><testsuite errors="0" failures="0" name="com.bestbuy.testsuite.ProductsCRUDTestWithSteps" skipped="0" tests="4" time="5.74" timestamp="2023-01-03T21:10:39.336Z[Europe/London]"><testcase classname="com.bestbuy.testsuite.ProductsCRUDTestWithSteps" name="This will create new product"/><testcase classname="com.bestbuy.testsuite.ProductsCRUDTestWithSteps" name="Verify Product was added"/><testcase classname="com.bestbuy.testsuite.ProductsCRUDTestWithSteps" name="Verify Product was Updated"/><testcase classname="com.bestbuy.testsuite.ProductsCRUDTestWithSteps" name="Verify product was deleted"/></testsuite>